This file contains any messages produced by compilers while
running configure, to aid debugging if configure makes a mistake.

It was created by configure, which was
generated by GNU Autoconf 2.59.  Invocation command line was

  $ ./configure --prefix=/home/kgao/Pnetcdf --with-mpi=/home/kgao/MPICH

## --------- ##
## Platform. ##
## --------- ##

hostname = d1.data
uname -m = x86_64
uname -r = 2.6.23.9-85.fc8
uname -s = Linux
uname -v = #1 SMP Fri Dec 7 15:49:36 EST 2007

/usr/bin/uname -p = unknown
/bin/uname -X     = unknown

/bin/arch              = x86_64
/usr/bin/arch -k       = unknown
/usr/convex/getsysinfo = unknown
hostinfo               = unknown
/bin/machine           = unknown
/usr/bin/oslevel       = unknown
/bin/universe          = unknown

PATH: .
PATH: /home/kgao/bin
PATH: /usr/kerberos/bin
PATH: /usr/lib64/ccache
PATH: /usr/local/bin
PATH: /bin
PATH: /usr/bin
PATH: /usr/X11R6/bin


## ----------- ##
## Core tests. ##
## ----------- ##

configure:1311: checking for top-level source-directory
configure:1314: result: /home/kgao/parallel-netcdf-1.0.2.64/parallel-netcdf64-0.0.1
configure:1408: checking for a BSD-compatible install
configure:1463: result: /usr/bin/install -c
configure:1478: checking for bison
configure:1494: found /usr/bin/bison
configure:1504: result: bison -y
configure:1561: checking for gcc
configure:1577: found /usr/lib64/ccache/gcc
configure:1587: result: gcc
configure:1831: checking for C compiler version
configure:1834: gcc --version </dev/null >&5
gcc (GCC) 4.1.2 20070925 (Red Hat 4.1.2-33)
Copyright (C) 2006 Free Software Foundation, Inc.
This is free software; see the source for copying conditions.  There is NO
warranty; not even for MERCHANTABILITY or FITNESS FOR A PARTICULAR PURPOSE.

configure:1837: $? = 0
configure:1839: gcc -v </dev/null >&5
Using built-in specs.
Target: x86_64-redhat-linux
Configured with: ../configure --prefix=/usr --mandir=/usr/share/man --infodir=/usr/share/info --enable-shared --enable-threads=posix --enable-checking=release --with-system-zlib --enable-__cxa_atexit --disable-libunwind-exceptions --enable-languages=c,c++,objc,obj-c++,java,fortran,ada --enable-java-awt=gtk --disable-dssi --enable-plugin --with-java-home=/usr/lib/jvm/java-1.5.0-gcj-1.5.0.0/jre --enable-libgcj-multifile --enable-java-maintainer-mode --with-ecj-jar=/usr/share/java/eclipse-ecj.jar --with-cpu=generic --host=x86_64-redhat-linux
Thread model: posix
gcc version 4.1.2 20070925 (Red Hat 4.1.2-33)
configure:1842: $? = 0
configure:1844: gcc -V </dev/null >&5
gcc: '-V' option must have argument
configure:1847: $? = 1
configure:1870: checking for C compiler default output file name
configure:1873: gcc    conftest.c  >&5
configure:1876: $? = 0
configure:1922: result: a.out
configure:1927: checking whether the C compiler works
configure:1933: ./a.out
configure:1936: $? = 0
configure:1953: result: yes
configure:1960: checking whether we are cross compiling
configure:1962: result: no
configure:1965: checking for suffix of executables
configure:1967: gcc -o conftest    conftest.c  >&5
configure:1970: $? = 0
configure:1995: result: 
configure:2001: checking for suffix of object files
configure:2022: gcc -c   conftest.c >&5
configure:2025: $? = 0
configure:2047: result: o
configure:2051: checking whether we are using the GNU C compiler
configure:2075: gcc -c   conftest.c >&5
configure:2081: $? = 0
configure:2084: test -z 			 || test ! -s conftest.err
configure:2087: $? = 0
configure:2090: test -s conftest.o
configure:2093: $? = 0
configure:2106: result: yes
configure:2112: checking whether gcc accepts -g
configure:2133: gcc -c -g  conftest.c >&5
configure:2139: $? = 0
configure:2142: test -z 			 || test ! -s conftest.err
configure:2145: $? = 0
configure:2148: test -s conftest.o
configure:2151: $? = 0
configure:2162: result: yes
configure:2179: checking for gcc option to accept ANSI C
configure:2249: gcc  -c -g -O2  conftest.c >&5
configure:2255: $? = 0
configure:2258: test -z 			 || test ! -s conftest.err
configure:2261: $? = 0
configure:2264: test -s conftest.o
configure:2267: $? = 0
configure:2285: result: none needed
configure:2303: gcc -c -g -O2  conftest.c >&5
conftest.c:2: error: expected '=', ',', ';', 'asm' or '__attribute__' before 'me'
configure:2309: $? = 1
configure: failed program was:
| #ifndef __cplusplus
|   choke me
| #endif
configure:2444: checking for flex
configure:2460: found /usr/bin/flex
configure:2470: result: flex
configure:2483: checking for yywrap in -lfl
configure:2513: gcc -o conftest -g -O2   conftest.c -lfl   >&5
configure:2519: $? = 0
configure:2522: test -z 			 || test ! -s conftest.err
configure:2525: $? = 0
configure:2528: test -s conftest
configure:2531: $? = 0
configure:2544: result: yes
configure:2621: checking lex output file root
configure:2632: flex conftest.l
configure:2635: $? = 0
configure:2647: result: lex.yy
configure:2652: checking whether yytext is a pointer
configure:2668: gcc -o conftest -g -O2   conftest.c  -lfl >&5
configure:2674: $? = 0
configure:2677: test -z 			 || test ! -s conftest.err
configure:2680: $? = 0
configure:2683: test -s conftest
configure:2686: $? = 0
configure:2700: result: yes
configure:2713: checking for m4 preprocessor...
configure:2720: checking for m4
configure:2736: found /usr/bin/m4
configure:2746: result: m4
configure:2799: checking m4 flags
configure:2804: result: -B10000
configure:2854: checking for gcc
configure:2880: result: gcc
configure:3124: checking for C compiler version
configure:3127: gcc --version </dev/null >&5
gcc (GCC) 4.1.2 20070925 (Red Hat 4.1.2-33)
Copyright (C) 2006 Free Software Foundation, Inc.
This is free software; see the source for copying conditions.  There is NO
warranty; not even for MERCHANTABILITY or FITNESS FOR A PARTICULAR PURPOSE.

configure:3130: $? = 0
configure:3132: gcc -v </dev/null >&5
Using built-in specs.
Target: x86_64-redhat-linux
Configured with: ../configure --prefix=/usr --mandir=/usr/share/man --infodir=/usr/share/info --enable-shared --enable-threads=posix --enable-checking=release --with-system-zlib --enable-__cxa_atexit --disable-libunwind-exceptions --enable-languages=c,c++,objc,obj-c++,java,fortran,ada --enable-java-awt=gtk --disable-dssi --enable-plugin --with-java-home=/usr/lib/jvm/java-1.5.0-gcj-1.5.0.0/jre --enable-libgcj-multifile --enable-java-maintainer-mode --with-ecj-jar=/usr/share/java/eclipse-ecj.jar --with-cpu=generic --host=x86_64-redhat-linux
Thread model: posix
gcc version 4.1.2 20070925 (Red Hat 4.1.2-33)
configure:3135: $? = 0
configure:3137: gcc -V </dev/null >&5
gcc: '-V' option must have argument
configure:3140: $? = 1
configure:3143: checking whether we are using the GNU C compiler
configure:3198: result: yes
configure:3204: checking whether gcc accepts -g
configure:3254: result: yes
configure:3271: checking for gcc option to accept ANSI C
configure:3377: result: none needed
configure:3395: gcc -c -g -O2  conftest.c >&5
conftest.c:2: error: expected '=', ',', ';', 'asm' or '__attribute__' before 'me'
configure:3401: $? = 1
configure: failed program was:
| #ifndef __cplusplus
|   choke me
| #endif
configure:3540: checking how to run the C preprocessor
configure:3575: gcc -E  conftest.c
configure:3581: $? = 0
configure:3613: gcc -E  conftest.c
conftest.c:10:28: error: ac_nonexistent.h: No such file or directory
configure:3619: $? = 1
configure: failed program was:
| /* confdefs.h.  */
| 
| #define PACKAGE_NAME ""
| #define PACKAGE_TARNAME ""
| #define PACKAGE_VERSION ""
| #define PACKAGE_STRING ""
| #define PACKAGE_BUGREPORT ""
| #define YYTEXT_POINTER 1
| /* end confdefs.h.  */
| #include <ac_nonexistent.h>
configure:3658: result: gcc -E
configure:3682: gcc -E  conftest.c
configure:3688: $? = 0
configure:3720: gcc -E  conftest.c
conftest.c:10:28: error: ac_nonexistent.h: No such file or directory
configure:3726: $? = 1
configure: failed program was:
| /* confdefs.h.  */
| 
| #define PACKAGE_NAME ""
| #define PACKAGE_TARNAME ""
| #define PACKAGE_VERSION ""
| #define PACKAGE_STRING ""
| #define PACKAGE_BUGREPORT ""
| #define YYTEXT_POINTER 1
| /* end confdefs.h.  */
| #include <ac_nonexistent.h>
configure:3883: checking for pgf90
configure:3912: result: no
configure:3883: checking for f77
configure:3912: result: no
configure:3883: checking for fort77
configure:3912: result: no
configure:3883: checking for g77
configure:3912: result: no
configure:3883: checking for gfortran
configure:3899: found /usr/bin/gfortran
configure:3909: result: gfortran
configure:3931: gfortran -c  conftest.f
configure:3934: $? = 0
configure:3969: checking for Fortran .F compiler
configure:3971: result: 
configure:3980: checking if Fortran-77 compiler handles *.F files
configure:3992: gfortran -o conftest  conftest.F 
configure:3995: $? = 0
configure:3998: result: yes
configure:4036: checking how to make dependencies
configure:4071: result: false
configure:4080: checking for nm utility...
configure:4087: checking for nm
configure:4103: found /usr/bin/nm
configure:4113: result: nm
configure:4166: checking nm flags
configure:4171: result: 
configure:4183: checking for C-equivalent to Fortran routine "SUB"
configure:4190: gfortran -c  conftest.f
configure:4193: $? = 0
configure:4205: result: sub_
configure:4220: checking for math library...
configure:4224: checking for tanh in -lc
configure:4254: gcc -o conftest -g -O2   conftest.c -lc   >&5
conftest.c:17: warning: conflicting types for built-in function 'tanh'
/tmp/ccE2LCFw.o: In function `main':
/home/kgao/parallel-netcdf-1.0.2.64/parallel-netcdf64-0.0.1/conftest.c:21: undefined reference to `tanh'
collect2: ld returned 1 exit status
configure:4260: $? = 1
configure: failed program was:
| /* confdefs.h.  */
| 
| #define PACKAGE_NAME ""
| #define PACKAGE_TARNAME ""
| #define PACKAGE_VERSION ""
| #define PACKAGE_STRING ""
| #define PACKAGE_BUGREPORT ""
| #define YYTEXT_POINTER 1
| /* end confdefs.h.  */
| 
| /* Override any gcc2 internal prototype to avoid an error.  */
| #ifdef __cplusplus
| extern "C"
| #endif
| /* We use char because int might match the return type of a gcc2
|    builtin and then its argument prototype would still apply.  */
| char tanh ();
| int
| main ()
| {
| tanh ();
|   ;
|   return 0;
| }
configure:4285: result: no
configure:4290: checking for tanh in -lm
configure:4320: gcc -o conftest -g -O2   conftest.c -lm   >&5
conftest.c:17: warning: conflicting types for built-in function 'tanh'
configure:4326: $? = 0
configure:4329: test -z 			 || test ! -s conftest.err
configure:4332: $? = 0
configure:4335: test -s conftest
configure:4338: $? = 0
configure:4351: result: yes
configure:4370: checking for ar utility...
configure:4377: checking for ar
configure:4393: found /usr/bin/ar
configure:4403: result: ar
configure:4456: checking ar flags
configure:4461: result: cru
configure:4466: checking for nm utility...
configure:4514: checking for nm
configure:4540: result: nm
configure:4552: checking nm flags
configure:4557: result: 
configure:4605: checking for ranlib
configure:4621: found /usr/bin/ranlib
configure:4632: result: ranlib
configure:4661: checking for C-equivalent to Fortran routine "SUB_A"
configure:4668: gfortran -c  conftest.f
configure:4671: $? = 0
configure:4684: result: sub_a_
configure:4731: checking mpi implementation
configure:4742: result: using /home/kgao/MPICH
configure:4772: checking MPI-IO support in MPI implementation
configure:4792: /home/kgao/MPICH/bin/mpicc -c -g -O2  conftest.c >&5
configure:4798: $? = 0
configure:4801: test -z 			 || test ! -s conftest.err
configure:4804: $? = 0
configure:4807: test -s conftest.o
configure:4810: $? = 0
configure:4812: result: yes
configure:4830: checking for egrep
configure:4840: result: grep -E
configure:4845: checking for ANSI C header files
configure:4870: gcc -c -g -O2  conftest.c >&5
configure:4876: $? = 0
configure:4879: test -z 			 || test ! -s conftest.err
configure:4882: $? = 0
configure:4885: test -s conftest.o
configure:4888: $? = 0
configure:4977: gcc -o conftest -g -O2   conftest.c  >&5
conftest.c: In function 'main':
conftest.c:28: warning: incompatible implicit declaration of built-in function 'exit'
configure:4980: $? = 0
configure:4982: ./conftest
configure:4985: $? = 0
configure:5000: result: yes
configure:5024: checking for sys/types.h
configure:5040: gcc -c -g -O2  conftest.c >&5
configure:5046: $? = 0
configure:5049: test -z 			 || test ! -s conftest.err
configure:5052: $? = 0
configure:5055: test -s conftest.o
configure:5058: $? = 0
configure:5069: result: yes
configure:5024: checking for sys/stat.h
configure:5040: gcc -c -g -O2  conftest.c >&5
configure:5046: $? = 0
configure:5049: test -z 			 || test ! -s conftest.err
configure:5052: $? = 0
configure:5055: test -s conftest.o
configure:5058: $? = 0
configure:5069: result: yes
configure:5024: checking for stdlib.h
configure:5040: gcc -c -g -O2  conftest.c >&5
configure:5046: $? = 0
configure:5049: test -z 			 || test ! -s conftest.err
configure:5052: $? = 0
configure:5055: test -s conftest.o
configure:5058: $? = 0
configure:5069: result: yes
configure:5024: checking for string.h
configure:5040: gcc -c -g -O2  conftest.c >&5
configure:5046: $? = 0
configure:5049: test -z 			 || test ! -s conftest.err
configure:5052: $? = 0
configure:5055: test -s conftest.o
configure:5058: $? = 0
configure:5069: result: yes
configure:5024: checking for memory.h
configure:5040: gcc -c -g -O2  conftest.c >&5
configure:5046: $? = 0
configure:5049: test -z 			 || test ! -s conftest.err
configure:5052: $? = 0
configure:5055: test -s conftest.o
configure:5058: $? = 0
configure:5069: result: yes
configure:5024: checking for strings.h
configure:5040: gcc -c -g -O2  conftest.c >&5
configure:5046: $? = 0
configure:5049: test -z 			 || test ! -s conftest.err
configure:5052: $? = 0
configure:5055: test -s conftest.o
configure:5058: $? = 0
configure:5069: result: yes
configure:5024: checking for inttypes.h
configure:5040: gcc -c -g -O2  conftest.c >&5
configure:5046: $? = 0
configure:5049: test -z 			 || test ! -s conftest.err
configure:5052: $? = 0
configure:5055: test -s conftest.o
configure:5058: $? = 0
configure:5069: result: yes
configure:5024: checking for stdint.h
configure:5040: gcc -c -g -O2  conftest.c >&5
configure:5046: $? = 0
configure:5049: test -z 			 || test ! -s conftest.err
configure:5052: $? = 0
configure:5055: test -s conftest.o
configure:5058: $? = 0
configure:5069: result: yes
configure:5024: checking for unistd.h
configure:5040: gcc -c -g -O2  conftest.c >&5
configure:5046: $? = 0
configure:5049: test -z 			 || test ! -s conftest.err
configure:5052: $? = 0
configure:5055: test -s conftest.o
configure:5058: $? = 0
configure:5069: result: yes
configure:5088: checking for stdlib.h
configure:5093: result: yes
configure:5088: checking for sys/types.h
configure:5093: result: yes
configure:5097: checking mpio.h usability
configure:5109: gcc -c -g -O2  conftest.c >&5
configure:5115: $? = 0
configure:5118: test -z 			 || test ! -s conftest.err
configure:5121: $? = 0
configure:5124: test -s conftest.o
configure:5127: $? = 0
configure:5137: result: yes
configure:5141: checking mpio.h presence
configure:5151: gcc -E  conftest.c
configure:5157: $? = 0
configure:5177: result: yes
configure:5212: checking for mpio.h
configure:5219: result: yes
configure:5233: checking for strerror
configure:5290: gcc -o conftest -g -O2   conftest.c  >&5
configure:5296: $? = 0
configure:5299: test -z 			 || test ! -s conftest.err
configure:5302: $? = 0
configure:5305: test -s conftest
configure:5308: $? = 0
configure:5320: result: yes
configure:5333: checking for working alloca.h
configure:5354: gcc -o conftest -g -O2   conftest.c  >&5
configure:5360: $? = 0
configure:5363: test -z 			 || test ! -s conftest.err
configure:5366: $? = 0
configure:5369: test -s conftest
configure:5372: $? = 0
configure:5384: result: yes
configure:5394: checking for alloca
configure:5435: gcc -o conftest -g -O2   conftest.c  >&5
configure:5441: $? = 0
configure:5444: test -z 			 || test ! -s conftest.err
configure:5447: $? = 0
configure:5450: test -s conftest
configure:5453: $? = 0
configure:5465: result: yes
configure:5688: checking for struct stat.st_blksize
configure:5711: gcc -c -g -O2  conftest.c >&5
configure:5717: $? = 0
configure:5720: test -z 			 || test ! -s conftest.err
configure:5723: $? = 0
configure:5726: test -s conftest.o
configure:5729: $? = 0
configure:5785: result: yes
configure:5802: checking for IEEE floating point format
configure:5845: gcc -o conftest -g -O2   conftest.c  >&5
configure:5848: $? = 0
configure:5850: ./conftest
configure:5853: $? = 0
configure:5866: result: yes
configure:5875: checking for size_t
configure:5899: gcc -c -g -O2  conftest.c >&5
configure:5905: $? = 0
configure:5908: test -z 			 || test ! -s conftest.err
configure:5911: $? = 0
configure:5914: test -s conftest.o
configure:5917: $? = 0
configure:5928: result: yes
configure:5949: checking if MPI_Offset is size 8
configure:5962: /home/kgao/MPICH/bin/mpicc -c -g -O2  conftest.c >&5
configure:5968: $? = 0
configure:5971: test -z 			 || test ! -s conftest.err
configure:5974: $? = 0
configure:5977: test -s conftest.o
configure:5980: $? = 0
configure:5982: result: yes
configure:6099: checking for MPI_Request_get_status
configure:6156: /home/kgao/MPICH/bin/mpicc -o conftest -g -O2   conftest.c  >&5
configure:6162: $? = 0
configure:6165: test -z 			 || test ! -s conftest.err
configure:6168: $? = 0
configure:6171: test -s conftest
configure:6174: $? = 0
configure:6186: result: yes
configure:6099: checking for MPI_Type_dup
configure:6156: /home/kgao/MPICH/bin/mpicc -o conftest -g -O2   conftest.c  >&5
configure:6162: $? = 0
configure:6165: test -z 			 || test ! -s conftest.err
configure:6168: $? = 0
configure:6171: test -s conftest
configure:6174: $? = 0
configure:6186: result: yes
configure:6204: checking for MPI_Info_dup
configure:6261: /home/kgao/MPICH/bin/mpicc -o conftest -g -O2   conftest.c  >&5
configure:6267: $? = 0
configure:6270: test -z 			 || test ! -s conftest.err
configure:6273: $? = 0
configure:6276: test -s conftest
configure:6279: $? = 0
configure:6291: result: yes
configure:6314: checking if MPI includes MPI_COMBINER_DUP
configure:6332: /home/kgao/MPICH/bin/mpicc -c -g -O2  conftest.c >&5
configure:6338: $? = 0
configure:6341: test -z 			 || test ! -s conftest.err
configure:6344: $? = 0
configure:6347: test -s conftest.o
configure:6350: $? = 0
configure:6352: result: yes
configure:6371: checking if MPI includes MPI_COMBINER_HVECTOR_INTEGER
configure:6389: /home/kgao/MPICH/bin/mpicc -c -g -O2  conftest.c >&5
configure:6395: $? = 0
configure:6398: test -z 			 || test ! -s conftest.err
configure:6401: $? = 0
configure:6404: test -s conftest.o
configure:6407: $? = 0
configure:6409: result: yes
configure:6428: checking if MPI includes MPI_COMBINER_HINDEXED_INTEGER
configure:6446: /home/kgao/MPICH/bin/mpicc -c -g -O2  conftest.c >&5
configure:6452: $? = 0
configure:6455: test -z 			 || test ! -s conftest.err
configure:6458: $? = 0
configure:6461: test -s conftest.o
configure:6464: $? = 0
configure:6466: result: yes
configure:6485: checking if MPI includes MPI_COMBINER_SUBARRAY
configure:6503: /home/kgao/MPICH/bin/mpicc -c -g -O2  conftest.c >&5
configure:6509: $? = 0
configure:6512: test -z 			 || test ! -s conftest.err
configure:6515: $? = 0
configure:6518: test -s conftest.o
configure:6521: $? = 0
configure:6523: result: yes
configure:6542: checking if MPI includes MPI_COMBINER_DARRAY
configure:6560: /home/kgao/MPICH/bin/mpicc -c -g -O2  conftest.c >&5
configure:6566: $? = 0
configure:6569: test -z 			 || test ! -s conftest.err
configure:6572: $? = 0
configure:6575: test -s conftest.o
configure:6578: $? = 0
configure:6580: result: yes
configure:6599: checking if MPI includes MPI_COMBINER_RESIZED
configure:6617: /home/kgao/MPICH/bin/mpicc -c -g -O2  conftest.c >&5
configure:6623: $? = 0
configure:6626: test -z 			 || test ! -s conftest.err
configure:6629: $? = 0
configure:6632: test -s conftest.o
configure:6635: $? = 0
configure:6637: result: yes
configure:6656: checking if MPI includes MPI_COMBINER_STRUCT_INTEGER
configure:6674: /home/kgao/MPICH/bin/mpicc -c -g -O2  conftest.c >&5
configure:6680: $? = 0
configure:6683: test -z 			 || test ! -s conftest.err
configure:6686: $? = 0
configure:6689: test -s conftest.o
configure:6692: $? = 0
configure:6694: result: yes
configure:6713: checking if MPI includes MPI_COMBINER_INDEXED_BLOCK
configure:6731: /home/kgao/MPICH/bin/mpicc -c -g -O2  conftest.c >&5
configure:6737: $? = 0
configure:6740: test -z 			 || test ! -s conftest.err
configure:6743: $? = 0
configure:6746: test -s conftest.o
configure:6749: $? = 0
configure:6751: result: yes
configure:6770: checking if MPI includes MPI_COMBINER_F90_REAL
configure:6788: /home/kgao/MPICH/bin/mpicc -c -g -O2  conftest.c >&5
configure:6794: $? = 0
configure:6797: test -z 			 || test ! -s conftest.err
configure:6800: $? = 0
configure:6803: test -s conftest.o
configure:6806: $? = 0
configure:6808: result: yes
configure:6827: checking if MPI includes MPI_COMBINER_F90_INTEGER
configure:6845: /home/kgao/MPICH/bin/mpicc -c -g -O2  conftest.c >&5
configure:6851: $? = 0
configure:6854: test -z 			 || test ! -s conftest.err
configure:6857: $? = 0
configure:6860: test -s conftest.o
configure:6863: $? = 0
configure:6865: result: yes
configure:6884: checking if MPI includes MPI_COMBINER_F90_COMPLEX
configure:6902: /home/kgao/MPICH/bin/mpicc -c -g -O2  conftest.c >&5
configure:6908: $? = 0
configure:6911: test -z 			 || test ! -s conftest.err
configure:6914: $? = 0
configure:6917: test -s conftest.o
configure:6920: $? = 0
configure:6922: result: yes
configure:6945: checking if MPI includes MPI_CHARACTER
configure:6963: /home/kgao/MPICH/bin/mpicc -c -g -O2  conftest.c >&5
configure:6969: $? = 0
configure:6972: test -z 			 || test ! -s conftest.err
configure:6975: $? = 0
configure:6978: test -s conftest.o
configure:6981: $? = 0
configure:6983: result: yes
configure:7002: checking if MPI includes MPI_REAL
configure:7020: /home/kgao/MPICH/bin/mpicc -c -g -O2  conftest.c >&5
configure:7026: $? = 0
configure:7029: test -z 			 || test ! -s conftest.err
configure:7032: $? = 0
configure:7035: test -s conftest.o
configure:7038: $? = 0
configure:7040: result: yes
configure:7059: checking if MPI includes MPI_INTEGER
configure:7077: /home/kgao/MPICH/bin/mpicc -c -g -O2  conftest.c >&5
configure:7083: $? = 0
configure:7086: test -z 			 || test ! -s conftest.err
configure:7089: $? = 0
configure:7092: test -s conftest.o
configure:7095: $? = 0
configure:7097: result: yes
configure:7116: checking if MPI includes MPI_DOUBLE_PRECISION
configure:7134: /home/kgao/MPICH/bin/mpicc -c -g -O2  conftest.c >&5
configure:7140: $? = 0
configure:7143: test -z 			 || test ! -s conftest.err
configure:7146: $? = 0
configure:7149: test -s conftest.o
configure:7152: $? = 0
configure:7154: result: yes
configure:7173: checking if MPI includes MPI_INTEGER1
configure:7191: /home/kgao/MPICH/bin/mpicc -c -g -O2  conftest.c >&5
configure:7197: $? = 0
configure:7200: test -z 			 || test ! -s conftest.err
configure:7203: $? = 0
configure:7206: test -s conftest.o
configure:7209: $? = 0
configure:7211: result: yes
configure:7230: checking if MPI includes MPI_INTEGER2
configure:7248: /home/kgao/MPICH/bin/mpicc -c -g -O2  conftest.c >&5
configure:7254: $? = 0
configure:7257: test -z 			 || test ! -s conftest.err
configure:7260: $? = 0
configure:7263: test -s conftest.o
configure:7266: $? = 0
configure:7268: result: yes
configure:7287: checking if MPI includes MPI_INTEGER4
configure:7305: /home/kgao/MPICH/bin/mpicc -c -g -O2  conftest.c >&5
configure:7311: $? = 0
configure:7314: test -z 			 || test ! -s conftest.err
configure:7317: $? = 0
configure:7320: test -s conftest.o
configure:7323: $? = 0
configure:7325: result: yes
configure:7344: checking if MPI includes MPI_INTEGER8
configure:7362: /home/kgao/MPICH/bin/mpicc -c -g -O2  conftest.c >&5
configure:7368: $? = 0
configure:7371: test -z 			 || test ! -s conftest.err
configure:7374: $? = 0
configure:7377: test -s conftest.o
configure:7380: $? = 0
configure:7382: result: yes
configure:7401: checking if MPI includes MPI_INTEGER16
configure:7419: /home/kgao/MPICH/bin/mpicc -c -g -O2  conftest.c >&5
configure:7425: $? = 0
configure:7428: test -z 			 || test ! -s conftest.err
configure:7431: $? = 0
configure:7434: test -s conftest.o
configure:7437: $? = 0
configure:7439: result: yes
configure:7458: checking if MPI includes MPI_REAL4
configure:7476: /home/kgao/MPICH/bin/mpicc -c -g -O2  conftest.c >&5
configure:7482: $? = 0
configure:7485: test -z 			 || test ! -s conftest.err
configure:7488: $? = 0
configure:7491: test -s conftest.o
configure:7494: $? = 0
configure:7496: result: yes
configure:7515: checking if MPI includes MPI_REAL8
configure:7533: /home/kgao/MPICH/bin/mpicc -c -g -O2  conftest.c >&5
configure:7539: $? = 0
configure:7542: test -z 			 || test ! -s conftest.err
configure:7545: $? = 0
configure:7548: test -s conftest.o
configure:7551: $? = 0
configure:7553: result: yes
configure:7572: checking if MPI includes MPI_REAL16
configure:7590: /home/kgao/MPICH/bin/mpicc -c -g -O2  conftest.c >&5
configure:7596: $? = 0
configure:7599: test -z 			 || test ! -s conftest.err
configure:7602: $? = 0
configure:7605: test -s conftest.o
configure:7608: $? = 0
configure:7610: result: yes
configure:7629: checking if MPI includes MPI_COMPLEX8
configure:7647: /home/kgao/MPICH/bin/mpicc -c -g -O2  conftest.c >&5
configure:7653: $? = 0
configure:7656: test -z 			 || test ! -s conftest.err
configure:7659: $? = 0
configure:7662: test -s conftest.o
configure:7665: $? = 0
configure:7667: result: yes
configure:7686: checking if MPI includes MPI_COMPLEX16
configure:7704: /home/kgao/MPICH/bin/mpicc -c -g -O2  conftest.c >&5
configure:7710: $? = 0
configure:7713: test -z 			 || test ! -s conftest.err
configure:7716: $? = 0
configure:7719: test -s conftest.o
configure:7722: $? = 0
configure:7724: result: yes
configure:7743: checking if MPI includes MPI_COMPLEX32
configure:7761: /home/kgao/MPICH/bin/mpicc -c -g -O2  conftest.c >&5
configure:7767: $? = 0
configure:7770: test -z 			 || test ! -s conftest.err
configure:7773: $? = 0
configure:7776: test -s conftest.o
configure:7779: $? = 0
configure:7781: result: yes
configure:7800: checking if MPI includes MPI_UB
configure:7818: /home/kgao/MPICH/bin/mpicc -c -g -O2  conftest.c >&5
configure:7824: $? = 0
configure:7827: test -z 			 || test ! -s conftest.err
configure:7830: $? = 0
configure:7833: test -s conftest.o
configure:7836: $? = 0
configure:7838: result: yes
configure:7857: checking if MPI includes MPI_LB
configure:7875: /home/kgao/MPICH/bin/mpicc -c -g -O2  conftest.c >&5
configure:7881: $? = 0
configure:7884: test -z 			 || test ! -s conftest.err
configure:7887: $? = 0
configure:7890: test -s conftest.o
configure:7893: $? = 0
configure:7895: result: yes
configure:7916: checking for off_t
configure:7940: gcc -c -g -O2  conftest.c >&5
configure:7946: $? = 0
configure:7949: test -z 			 || test ! -s conftest.err
configure:7952: $? = 0
configure:7955: test -s conftest.o
configure:7958: $? = 0
configure:7969: result: yes
configure:7981: checking for ssize_t
configure:8005: gcc -c -g -O2  conftest.c >&5
configure:8011: $? = 0
configure:8014: test -z 			 || test ! -s conftest.err
configure:8017: $? = 0
configure:8020: test -s conftest.o
configure:8023: $? = 0
configure:8034: result: yes
configure:8044: checking for ptrdiff_t
configure:8068: gcc -c -g -O2  conftest.c >&5
configure:8074: $? = 0
configure:8077: test -z 			 || test ! -s conftest.err
configure:8080: $? = 0
configure:8083: test -s conftest.o
configure:8086: $? = 0
configure:8097: result: yes
configure:8107: checking for uchar
configure:8131: gcc -c -g -O2  conftest.c >&5
conftest.c: In function 'main':
conftest.c:99: error: 'uchar' undeclared (first use in this function)
conftest.c:99: error: (Each undeclared identifier is reported only once
conftest.c:99: error: for each function it appears in.)
conftest.c:99: error: expected expression before ')' token
configure:8137: $? = 1
configure: failed program was:
| /* confdefs.h.  */
| 
| #define PACKAGE_NAME ""
| #define PACKAGE_TARNAME ""
| #define PACKAGE_VERSION ""
| #define PACKAGE_STRING ""
| #define PACKAGE_BUGREPORT ""
| #define YYTEXT_POINTER 1
| #define F77_NAME_LOWER_USCORE
| #define STDC_HEADERS 1
| #define HAVE_SYS_TYPES_H 1
| #define HAVE_SYS_STAT_H 1
| #define HAVE_STDLIB_H 1
| #define HAVE_STRING_H 1
| #define HAVE_MEMORY_H 1
| #define HAVE_STRINGS_H 1
| #define HAVE_INTTYPES_H 1
| #define HAVE_STDINT_H 1
| #define HAVE_UNISTD_H 1
| #define HAVE_STDLIB_H 1
| #define HAVE_SYS_TYPES_H 1
| #define HAVE_MPIO_H 1
| #define HAVE_ALLOCA_H 1
| #define HAVE_ALLOCA 1
| #define HAVE_STRUCT_STAT_ST_BLKSIZE 1
| #define HAVE_ST_BLKSIZE 1
| #define HAVE_MPI_REQUEST_GET_STATUS 1
| #define HAVE_MPI_TYPE_DUP 1
| #define HAVE_MPI_INFO_DUP 1
| #define ENABLE_NONBLOCKING
| #define HAVE_MPI_COMBINER_DUP 1
| #define HAVE_MPI_COMBINER_HVECTOR_INTEGER 1
| #define HAVE_MPI_COMBINER_HINDEXED_INTEGER 1
| #define HAVE_MPI_COMBINER_SUBARRAY 1
| #define HAVE_MPI_COMBINER_DARRAY 1
| #define HAVE_MPI_COMBINER_RESIZED 1
| #define HAVE_MPI_COMBINER_STRUCT_INTEGER 1
| #define HAVE_MPI_COMBINER_INDEXED_BLOCK 1
| #define HAVE_MPI_COMBINER_F90_REAL 1
| #define HAVE_MPI_COMBINER_F90_INTEGER 1
| #define HAVE_MPI_COMBINER_F90_COMPLEX 1
| #define HAVE_MPI_CHARACTER 1
| #define HAVE_MPI_REAL 1
| #define HAVE_MPI_INTEGER 1
| #define HAVE_MPI_DOUBLE_PRECISION 1
| #define HAVE_MPI_INTEGER1 1
| #define HAVE_MPI_INTEGER2 1
| #define HAVE_MPI_INTEGER4 1
| #define HAVE_MPI_INTEGER8 1
| #define HAVE_MPI_INTEGER16 1
| #define HAVE_MPI_REAL4 1
| #define HAVE_MPI_REAL8 1
| #define HAVE_MPI_REAL16 1
| #define HAVE_MPI_COMPLEX8 1
| #define HAVE_MPI_COMPLEX16 1
| #define HAVE_MPI_COMPLEX32 1
| #define HAVE_MPI_UB 1
| #define HAVE_MPI_LB 1
| #define HAVE_SSIZE_T 1
| #define HAVE_PTRDIFF_T 1
| /* end confdefs.h.  */
| #include <stdio.h>
| #if HAVE_SYS_TYPES_H
| # include <sys/types.h>
| #endif
| #if HAVE_SYS_STAT_H
| # include <sys/stat.h>
| #endif
| #if STDC_HEADERS
| # include <stdlib.h>
| # include <stddef.h>
| #else
| # if HAVE_STDLIB_H
| #  include <stdlib.h>
| # endif
| #endif
| #if HAVE_STRING_H
| # if !STDC_HEADERS && HAVE_MEMORY_H
| #  include <memory.h>
| # endif
| # include <string.h>
| #endif
| #if HAVE_STRINGS_H
| # include <strings.h>
| #endif
| #if HAVE_INTTYPES_H
| # include <inttypes.h>
| #else
| # if HAVE_STDINT_H
| #  include <stdint.h>
| # endif
| #endif
| #if HAVE_UNISTD_H
| # include <unistd.h>
| #endif
| int
| main ()
| {
| if ((uchar *) 0)
|   return 0;
| if (sizeof (uchar))
|   return 0;
|   ;
|   return 0;
| }
configure:8160: result: no
configure:8172: checking whether char is unsigned
configure:8195: gcc -c -g -O2  conftest.c >&5
configure:8201: $? = 0
configure:8204: test -z 			 || test ! -s conftest.err
configure:8207: $? = 0
configure:8210: test -s conftest.o
configure:8213: $? = 0
configure:8224: result: no
configure:8233: checking whether byte ordering is bigendian
configure:8260: gcc -c -g -O2  conftest.c >&5
configure:8266: $? = 0
configure:8269: test -z 			 || test ! -s conftest.err
configure:8272: $? = 0
configure:8275: test -s conftest.o
configure:8278: $? = 0
configure:8302: gcc -c -g -O2  conftest.c >&5
conftest.c: In function 'main':
conftest.c:69: error: 'not' undeclared (first use in this function)
conftest.c:69: error: (Each undeclared identifier is reported only once
conftest.c:69: error: for each function it appears in.)
conftest.c:69: error: expected ';' before 'big'
configure:8308: $? = 1
configure: failed program was:
| /* confdefs.h.  */
| 
| #define PACKAGE_NAME ""
| #define PACKAGE_TARNAME ""
| #define PACKAGE_VERSION ""
| #define PACKAGE_STRING ""
| #define PACKAGE_BUGREPORT ""
| #define YYTEXT_POINTER 1
| #define F77_NAME_LOWER_USCORE
| #define STDC_HEADERS 1
| #define HAVE_SYS_TYPES_H 1
| #define HAVE_SYS_STAT_H 1
| #define HAVE_STDLIB_H 1
| #define HAVE_STRING_H 1
| #define HAVE_MEMORY_H 1
| #define HAVE_STRINGS_H 1
| #define HAVE_INTTYPES_H 1
| #define HAVE_STDINT_H 1
| #define HAVE_UNISTD_H 1
| #define HAVE_STDLIB_H 1
| #define HAVE_SYS_TYPES_H 1
| #define HAVE_MPIO_H 1
| #define HAVE_ALLOCA_H 1
| #define HAVE_ALLOCA 1
| #define HAVE_STRUCT_STAT_ST_BLKSIZE 1
| #define HAVE_ST_BLKSIZE 1
| #define HAVE_MPI_REQUEST_GET_STATUS 1
| #define HAVE_MPI_TYPE_DUP 1
| #define HAVE_MPI_INFO_DUP 1
| #define ENABLE_NONBLOCKING
| #define HAVE_MPI_COMBINER_DUP 1
| #define HAVE_MPI_COMBINER_HVECTOR_INTEGER 1
| #define HAVE_MPI_COMBINER_HINDEXED_INTEGER 1
| #define HAVE_MPI_COMBINER_SUBARRAY 1
| #define HAVE_MPI_COMBINER_DARRAY 1
| #define HAVE_MPI_COMBINER_RESIZED 1
| #define HAVE_MPI_COMBINER_STRUCT_INTEGER 1
| #define HAVE_MPI_COMBINER_INDEXED_BLOCK 1
| #define HAVE_MPI_COMBINER_F90_REAL 1
| #define HAVE_MPI_COMBINER_F90_INTEGER 1
| #define HAVE_MPI_COMBINER_F90_COMPLEX 1
| #define HAVE_MPI_CHARACTER 1
| #define HAVE_MPI_REAL 1
| #define HAVE_MPI_INTEGER 1
| #define HAVE_MPI_DOUBLE_PRECISION 1
| #define HAVE_MPI_INTEGER1 1
| #define HAVE_MPI_INTEGER2 1
| #define HAVE_MPI_INTEGER4 1
| #define HAVE_MPI_INTEGER8 1
| #define HAVE_MPI_INTEGER16 1
| #define HAVE_MPI_REAL4 1
| #define HAVE_MPI_REAL8 1
| #define HAVE_MPI_REAL16 1
| #define HAVE_MPI_COMPLEX8 1
| #define HAVE_MPI_COMPLEX16 1
| #define HAVE_MPI_COMPLEX32 1
| #define HAVE_MPI_UB 1
| #define HAVE_MPI_LB 1
| #define HAVE_SSIZE_T 1
| #define HAVE_PTRDIFF_T 1
| /* end confdefs.h.  */
| #include <sys/types.h>
| #include <sys/param.h>
| 
| int
| main ()
| {
| #if BYTE_ORDER != BIG_ENDIAN
|  not big endian
| #endif
| 
|   ;
|   return 0;
| }
configure:8441: result: no
configure:8460: checking for short
configure:8484: gcc -c -g -O2  conftest.c >&5
configure:8490: $? = 0
configure:8493: test -z 			 || test ! -s conftest.err
configure:8496: $? = 0
configure:8499: test -s conftest.o
configure:8502: $? = 0
configure:8513: result: yes
configure:8516: checking size of short
configure:8828: gcc -o conftest -g -O2   conftest.c  >&5
configure:8831: $? = 0
configure:8833: ./conftest
configure:8836: $? = 0
configure:8859: result: 2
configure:8866: checking for int
configure:8890: gcc -c -g -O2  conftest.c >&5
configure:8896: $? = 0
configure:8899: test -z 			 || test ! -s conftest.err
configure:8902: $? = 0
configure:8905: test -s conftest.o
configure:8908: $? = 0
configure:8919: result: yes
configure:8922: checking size of int
configure:9234: gcc -o conftest -g -O2   conftest.c  >&5
configure:9237: $? = 0
configure:9239: ./conftest
configure:9242: $? = 0
configure:9265: result: 4
configure:9272: checking for long
configure:9296: gcc -c -g -O2  conftest.c >&5
configure:9302: $? = 0
configure:9305: test -z 			 || test ! -s conftest.err
configure:9308: $? = 0
configure:9311: test -s conftest.o
configure:9314: $? = 0
configure:9325: result: yes
configure:9328: checking size of long
configure:9640: gcc -o conftest -g -O2   conftest.c  >&5
configure:9643: $? = 0
configure:9645: ./conftest
configure:9648: $? = 0
configure:9671: result: 8
configure:9678: checking for float
configure:9702: gcc -c -g -O2  conftest.c >&5
configure:9708: $? = 0
configure:9711: test -z 			 || test ! -s conftest.err
configure:9714: $? = 0
configure:9717: test -s conftest.o
configure:9720: $? = 0
configure:9731: result: yes
configure:9734: checking size of float
configure:10046: gcc -o conftest -g -O2   conftest.c  >&5
configure:10049: $? = 0
configure:10051: ./conftest
configure:10054: $? = 0
configure:10077: result: 4
configure:10084: checking for double
configure:10108: gcc -c -g -O2  conftest.c >&5
configure:10114: $? = 0
configure:10117: test -z 			 || test ! -s conftest.err
configure:10120: $? = 0
configure:10123: test -s conftest.o
configure:10126: $? = 0
configure:10137: result: yes
configure:10140: checking size of double
configure:10452: gcc -o conftest -g -O2   conftest.c  >&5
configure:10455: $? = 0
configure:10457: ./conftest
configure:10460: $? = 0
configure:10483: result: 8
configure:10490: checking for size_t
configure:10543: result: yes
configure:10546: checking size of size_t
configure:10858: gcc -o conftest -g -O2   conftest.c  >&5
configure:10861: $? = 0
configure:10863: ./conftest
configure:10866: $? = 0
configure:10889: result: 8
configure:10897: checking sizeof MPI_Offset
configure:10936: result: 8
configure:10955: checking for Fortran "byte"
configure:10963: gfortran -c  conftest.f
configure:10966: $? = 0
configure:10968: result: yes
configure:10985: checking for Fortran "integer*2"
configure:10993: gfortran -c  conftest.f
configure:10996: $? = 0
configure:10998: result: yes
configure:11024: checking if Fortran "byte" is C "signed char"
configure:11034: gcc -c  -g -O2 conftest.c
conftest.c: In function 'sub_':
conftest.c:4: warning: incompatible implicit declaration of built-in function 'exit'
configure:11037: $? = 0
configure:11040: gfortran  -c conftestf.f
configure:11043: $? = 0
configure:11046: gfortran -o conftest   conftestf.o conftest.o 
configure:11049: $? = 0
configure:11052: ./conftest
configure:11055: $? = 0
configure:11057: result: yes
configure:11096: checking if Fortran "byte" is C "short"
configure:11106: gcc -c  -g -O2 conftest.c
conftest.c: In function 'sub_':
conftest.c:4: warning: incompatible implicit declaration of built-in function 'exit'
configure:11109: $? = 0
configure:11112: gfortran  -c conftestf.f
configure:11115: $? = 0
configure:11118: gfortran -o conftest   conftestf.o conftest.o 
configure:11121: $? = 0
configure:11124: ./conftest
configure:11127: $? = 1
configure:11139: result: no
configure:11168: checking if Fortran "byte" is C "int"
configure:11178: gcc -c  -g -O2 conftest.c
conftest.c: In function 'sub_':
conftest.c:4: warning: incompatible implicit declaration of built-in function 'exit'
configure:11181: $? = 0
configure:11184: gfortran  -c conftestf.f
configure:11187: $? = 0
configure:11190: gfortran -o conftest   conftestf.o conftest.o 
configure:11193: $? = 0
configure:11196: ./conftest
configure:11199: $? = 1
configure:11211: result: no
configure:11240: checking if Fortran "byte" is C "long"
configure:11250: gcc -c  -g -O2 conftest.c
conftest.c: In function 'sub_':
conftest.c:4: warning: incompatible implicit declaration of built-in function 'exit'
configure:11253: $? = 0
configure:11256: gfortran  -c conftestf.f
configure:11259: $? = 0
configure:11262: gfortran -o conftest   conftestf.o conftest.o 
configure:11265: $? = 0
configure:11268: ./conftest
configure:11271: $? = 1
configure:11283: result: no
configure:11316: checking if Fortran "integer*2" is C "short"
configure:11326: gcc -c  -g -O2 conftest.c
conftest.c: In function 'sub_':
conftest.c:4: warning: incompatible implicit declaration of built-in function 'exit'
configure:11329: $? = 0
configure:11332: gfortran  -c conftestf.f
configure:11335: $? = 0
configure:11338: gfortran -o conftest   conftestf.o conftest.o 
configure:11341: $? = 0
configure:11344: ./conftest
configure:11347: $? = 0
configure:11349: result: yes
configure:11388: checking if Fortran "integer*2" is C "int"
configure:11398: gcc -c  -g -O2 conftest.c
conftest.c: In function 'sub_':
conftest.c:4: warning: incompatible implicit declaration of built-in function 'exit'
configure:11401: $? = 0
configure:11404: gfortran  -c conftestf.f
configure:11407: $? = 0
configure:11410: gfortran -o conftest   conftestf.o conftest.o 
configure:11413: $? = 0
configure:11416: ./conftest
configure:11419: $? = 1
configure:11431: result: no
configure:11460: checking if Fortran "integer*2" is C "long"
configure:11470: gcc -c  -g -O2 conftest.c
conftest.c: In function 'sub_':
conftest.c:4: warning: incompatible implicit declaration of built-in function 'exit'
configure:11473: $? = 0
configure:11476: gfortran  -c conftestf.f
configure:11479: $? = 0
configure:11482: gfortran -o conftest   conftestf.o conftest.o 
configure:11485: $? = 0
configure:11488: ./conftest
configure:11491: $? = 1
configure:11503: result: no
configure:11534: checking if Fortran "integer" is C "int"
configure:11544: gcc -c  -g -O2 conftest.c
conftest.c: In function 'sub_':
conftest.c:4: warning: incompatible implicit declaration of built-in function 'exit'
configure:11547: $? = 0
configure:11550: gfortran  -c conftestf.f
configure:11553: $? = 0
configure:11556: gfortran -o conftest   conftestf.o conftest.o 
configure:11559: $? = 0
configure:11562: ./conftest
configure:11565: $? = 0
configure:11567: result: yes
configure:11606: checking if Fortran "real" is C "float"
configure:11616: gcc -c  -g -O2 conftest.c
conftest.c: In function 'sub_':
conftest.c:4: warning: incompatible implicit declaration of built-in function 'exit'
configure:11619: $? = 0
configure:11622: gfortran  -c conftestf.f
configure:11625: $? = 0
configure:11628: gfortran -o conftest   conftestf.o conftest.o 
configure:11631: $? = 0
configure:11634: ./conftest
configure:11637: $? = 0
configure:11639: result: yes
configure:11678: checking if Fortran "doubleprecision" is C "double"
configure:11688: gcc -c  -g -O2 conftest.c
conftest.c: In function 'sub_':
conftest.c:4: warning: incompatible implicit declaration of built-in function 'exit'
configure:11691: $? = 0
configure:11694: gfortran  -c conftestf.f
configure:11697: $? = 0
configure:11700: gfortran -o conftest   conftestf.o conftest.o 
configure:11703: $? = 0
configure:11706: ./conftest
configure:11709: $? = 0
configure:11711: result: yes
configure:11744: checking for Fortran-equivalent to netCDF "byte"
configure:11752: gfortran -c  conftest.f
configure:11755: $? = 0
configure:11765: result: byte
configure:11771: checking for Fortran-equivalent to netCDF "short"
configure:11779: gfortran -c  conftest.f
configure:11782: $? = 0
configure:11792: result: integer*2
configure:11804: checking for Fortran "integer*8"
configure:11812: gfortran -c  conftest.f
configure:11815: $? = 0
configure:11817: result: yes
configure:11915: checking for manual-page index command
configure:11917: result: 
configure:11928: checking for special C compiler options needed for large files
configure:12025: result: no
configure:12031: checking for _FILE_OFFSET_BITS value needed for large files
configure:12062: gcc -c -g -O2  conftest.c >&5
configure:12068: $? = 0
configure:12071: test -z 			 || test ! -s conftest.err
configure:12074: $? = 0
configure:12077: test -s conftest.o
configure:12080: $? = 0
configure:12144: result: no
configure:12154: checking for _LARGE_FILES value needed for large files
configure:12185: gcc -c -g -O2  conftest.c >&5
configure:12191: $? = 0
configure:12194: test -z 			 || test ! -s conftest.err
configure:12197: $? = 0
configure:12200: test -s conftest.o
configure:12203: $? = 0
configure:12267: result: no
configure:12282: checking for library containing MPI_File_sync
configure:12312: /home/kgao/MPICH/bin/mpicc -o conftest -g -O2   conftest.c  >&5
configure:12318: $? = 0
configure:12321: test -z 			 || test ! -s conftest.err
configure:12324: $? = 0
configure:12327: test -s conftest
configure:12330: $? = 0
configure:12399: result: none required
configure:12413: checking for off_t
configure:12466: result: yes
configure:12469: checking size of off_t
configure:12781: gcc -o conftest -g -O2   conftest.c  >&5
configure:12784: $? = 0
configure:12786: ./conftest
configure:12789: $? = 0
configure:12812: result: 8
configure:12924: creating ./config.status

## ---------------------- ##
## Running config.status. ##
## ---------------------- ##

This file was extended by config.status, which was
generated by GNU Autoconf 2.59.  Invocation command line was

  CONFIG_FILES    = 
  CONFIG_HEADERS  = 
  CONFIG_LINKS    = 
  CONFIG_COMMANDS = 
  $ ./config.status 

on d1.data

config.status:736: creating macros.make
config.status:736: creating Makefile
config.status:736: creating src/Makefile
config.status:736: creating test/Makefile
config.status:736: creating src/lib/Makefile
config.status:736: creating src/libf/Makefile
config.status:736: creating test/common/Makefile
config.status:736: creating test/test_double/Makefile
config.status:736: creating test/test_double_int/Makefile
config.status:736: creating test/test_float/Makefile
config.status:736: creating test/test_int/Makefile
config.status:736: creating test/test_dtype/Makefile
config.status:736: creating test/nc_test/Makefile
config.status:736: creating test/nf_test/Makefile
config.status:736: creating test/fandc/Makefile
config.status:736: creating src/utils/Makefile
config.status:736: creating src/utils/ncdump/Makefile
config.status:736: creating src/utils/ncgen/Makefile
config.status:736: creating test/testcases/Makefile
config.status:802: creating src/lib/ncconfig.h
config.status:1042: src/lib/ncconfig.h is unchanged
config.status:802: creating src/libf/pnetcdf.inc
config.status:802: creating src/libf/nfconfig.inc

## ---------------- ##
## Cache variables. ##
## ---------------- ##

ac_cv_c_bigendian=no
ac_cv_c_char_unsigned=no
ac_cv_c_compiler_gnu=yes
ac_cv_c_ieeefloat=yes
ac_cv_env_CC_set=
ac_cv_env_CC_value=
ac_cv_env_CFLAGS_set=
ac_cv_env_CFLAGS_value=
ac_cv_env_CPPFLAGS_set=
ac_cv_env_CPPFLAGS_value=
ac_cv_env_CPP_set=
ac_cv_env_CPP_value=
ac_cv_env_LDFLAGS_set=
ac_cv_env_LDFLAGS_value=
ac_cv_env_build_alias_set=
ac_cv_env_build_alias_value=
ac_cv_env_host_alias_set=
ac_cv_env_host_alias_value=
ac_cv_env_target_alias_set=
ac_cv_env_target_alias_value=
ac_cv_exeext=
ac_cv_func_MPI_Info_dup=yes
ac_cv_func_MPI_Request_get_status=yes
ac_cv_func_MPI_Type_dup=yes
ac_cv_func_alloca_works=yes
ac_cv_func_strerror=yes
ac_cv_header_inttypes_h=yes
ac_cv_header_memory_h=yes
ac_cv_header_mpio_h=yes
ac_cv_header_stdc=yes
ac_cv_header_stdint_h=yes
ac_cv_header_stdlib_h=yes
ac_cv_header_string_h=yes
ac_cv_header_strings_h=yes
ac_cv_header_sys_stat_h=yes
ac_cv_header_sys_types_h=yes
ac_cv_header_unistd_h=yes
ac_cv_lib_c_tanh=no
ac_cv_lib_fl_yywrap=yes
ac_cv_lib_m_tanh=yes
ac_cv_member_struct_stat_st_blksize=yes
ac_cv_objext=o
ac_cv_path_install='/usr/bin/install -c'
ac_cv_prog_AR=ar
ac_cv_prog_CPP='gcc -E'
ac_cv_prog_FC=gfortran
ac_cv_prog_LEX=flex
ac_cv_prog_M4=m4
ac_cv_prog_NM=nm
ac_cv_prog_YACC='bison -y'
ac_cv_prog_ac_ct_CC=gcc
ac_cv_prog_ac_ct_RANLIB=ranlib
ac_cv_prog_cc_g=yes
ac_cv_prog_cc_stdc=
ac_cv_prog_egrep='grep -E'
ac_cv_prog_lex_root=lex.yy
ac_cv_prog_lex_yytext_pointer=yes
ac_cv_search_MPI_File_sync='none required'
ac_cv_sizeof_MPI_Offset=8
ac_cv_sizeof_double=8
ac_cv_sizeof_float=4
ac_cv_sizeof_int=4
ac_cv_sizeof_long=8
ac_cv_sizeof_off_t=8
ac_cv_sizeof_short=2
ac_cv_sizeof_size_t=8
ac_cv_sys_file_offset_bits=no
ac_cv_sys_large_files=no
ac_cv_sys_largefile_CC=no
ac_cv_type_double=yes
ac_cv_type_float=yes
ac_cv_type_int=yes
ac_cv_type_long=yes
ac_cv_type_off_t=yes
ac_cv_type_ptrdiff_t=yes
ac_cv_type_short=yes
ac_cv_type_size_t=yes
ac_cv_type_ssize_t=yes
ac_cv_type_uchar=no
ac_cv_working_alloca_h=yes

## ----------------- ##
## Output variables. ##
## ----------------- ##

ALLOCA=''
AR='ar'
ARFLAGS='cru'
CC='gcc'
CC_MAKEDEPEND='false'
CFLAGS='-g -O2'
COMPILE_F='$(COMPILE.f) $(FPPFLAGS)'
CPP='gcc -E'
CPPFLAGS=''
DEFS='-DHAVE_CONFIG_H'
ECHO_C=''
ECHO_N='-n'
ECHO_T=''
EGREP='grep -E'
EXEEXT=''
FC='gfortran'
FFLAGS=''
FLIBS=''
FPP=''
FPPFLAGS=''
INSTALL_DATA='${INSTALL} -m 644'
INSTALL_PROGRAM='${INSTALL}'
INSTALL_SCRIPT='${INSTALL}'
LDFLAGS=''
LEX='flex'
LEXLIB='-lfl'
LEX_OUTPUT_ROOT='lex.yy'
LIBOBJS=''
LIBS=''
LTLIBOBJS=''
M4='m4'
M4FLAGS='-B10000'
MAKEWHATIS_CMD=''
MATHLIB='-lm'
MPICC='/home/kgao/MPICH/bin/mpicc'
MPIF77='/home/kgao/MPICH/bin/mpif77'
NM='nm'
NMFLAGS=''
OBJEXT='o'
PACKAGE_BUGREPORT=''
PACKAGE_NAME=''
PACKAGE_STRING=''
PACKAGE_TARNAME=''
PACKAGE_VERSION=''
PATH_SEPARATOR=':'
RANLIB='ranlib'
SHELL='/bin/sh'
SRCDIR='/home/kgao/parallel-netcdf-1.0.2.64/parallel-netcdf64-0.0.1'
WHATIS='whatis'
YACC='bison -y'
ac_ct_CC='gcc'
ac_ct_RANLIB='ranlib'
bindir='${exec_prefix}/bin'
build_alias=''
datadir='${prefix}/share'
exec_prefix='${prefix}'
has_fortran='yes'
host_alias=''
includedir='${prefix}/include'
infodir='${prefix}/info'
libdir='${exec_prefix}/lib'
libexecdir='${exec_prefix}/libexec'
localstatedir='${prefix}/var'
mandir='${prefix}/man'
oldincludedir='/usr/include'
prefix='/home/kgao/Pnetcdf'
prog=''
program_transform_name='s,x,x,'
sbindir='${exec_prefix}/sbin'
sharedstatedir='${prefix}/com'
sysconfdir='${prefix}/etc'
target_alias=''

## ----------- ##
## confdefs.h. ##
## ----------- ##

#define ENABLE_NONBLOCKING
#define F77_NAME_LOWER_USCORE
#define HAVE_ALLOCA 1
#define HAVE_ALLOCA_H 1
#define HAVE_INTTYPES_H 1
#define HAVE_MEMORY_H 1
#define HAVE_MPIO_H 1
#define HAVE_MPI_CHARACTER 1
#define HAVE_MPI_COMBINER_DARRAY 1
#define HAVE_MPI_COMBINER_DUP 1
#define HAVE_MPI_COMBINER_F90_COMPLEX 1
#define HAVE_MPI_COMBINER_F90_INTEGER 1
#define HAVE_MPI_COMBINER_F90_REAL 1
#define HAVE_MPI_COMBINER_HINDEXED_INTEGER 1
#define HAVE_MPI_COMBINER_HVECTOR_INTEGER 1
#define HAVE_MPI_COMBINER_INDEXED_BLOCK 1
#define HAVE_MPI_COMBINER_RESIZED 1
#define HAVE_MPI_COMBINER_STRUCT_INTEGER 1
#define HAVE_MPI_COMBINER_SUBARRAY 1
#define HAVE_MPI_COMPLEX16 1
#define HAVE_MPI_COMPLEX32 1
#define HAVE_MPI_COMPLEX8 1
#define HAVE_MPI_DOUBLE_PRECISION 1
#define HAVE_MPI_INFO_DUP 1
#define HAVE_MPI_INTEGER 1
#define HAVE_MPI_INTEGER1 1
#define HAVE_MPI_INTEGER16 1
#define HAVE_MPI_INTEGER2 1
#define HAVE_MPI_INTEGER4 1
#define HAVE_MPI_INTEGER8 1
#define HAVE_MPI_LB 1
#define HAVE_MPI_REAL 1
#define HAVE_MPI_REAL16 1
#define HAVE_MPI_REAL4 1
#define HAVE_MPI_REAL8 1
#define HAVE_MPI_REQUEST_GET_STATUS 1
#define HAVE_MPI_TYPE_DUP 1
#define HAVE_MPI_UB 1
#define HAVE_PTRDIFF_T 1
#define HAVE_SSIZE_T 1
#define HAVE_STDINT_H 1
#define HAVE_STDLIB_H 1
#define HAVE_STDLIB_H 1
#define HAVE_STRINGS_H 1
#define HAVE_STRING_H 1
#define HAVE_STRUCT_STAT_ST_BLKSIZE 1
#define HAVE_ST_BLKSIZE 1
#define HAVE_SYS_STAT_H 1
#define HAVE_SYS_TYPES_H 1
#define HAVE_SYS_TYPES_H 1
#define HAVE_UNISTD_H 1
#define NCBYTE_T byte
#define NCSHORT_T integer*2
#define NF_DOUBLEPRECISION_IS_C_DOUBLE 1
#define NF_INT1_IS_C_SIGNED_CHAR 1
#define NF_INT1_T byte
#define NF_INT2_IS_C_SHORT 1
#define NF_INT2_T integer*2
#define NF_INT_IS_C_INT 1
#define NF_REAL_IS_C_FLOAT 1
#define PACKAGE_BUGREPORT ""
#define PACKAGE_NAME ""
#define PACKAGE_STRING ""
#define PACKAGE_TARNAME ""
#define PACKAGE_VERSION ""
#define SIZEOF_DOUBLE 8
#define SIZEOF_FLOAT 4
#define SIZEOF_INT 4
#define SIZEOF_LONG 8
#define SIZEOF_MPI_OFFSET 8
#define SIZEOF_OFF_T 8
#define SIZEOF_SHORT 2
#define SIZEOF_SIZE_T 8
#define STDC_HEADERS 1
#define YYTEXT_POINTER 1

configure: exit 0
